<?xml version="1.0" encoding="UTF-8"?>
<testsuite xmlns:xsi="http://www.w3.org/2001/XMLSchema-instance" xsi:noNamespaceSchemaLocation="https://maven.apache.org/surefire/maven-surefire-plugin/xsd/surefire-test-report-3.0.xsd" version="3.0" name="aed.testsAuxiliares" time="0.365" tests="9" errors="0" skipped="0" failures="0">
  <properties>
[...]
</properties>
  <testcase name="testUsuario_ComparacionPorDineroYId" classname="aed.testsAuxiliares" time="0.125"/>
  <testcase name="testHEAP_ActualizarElemento" classname="aed.testsAuxiliares" time="0.011"/>
  <testcase name="testHEAP_EncolarYDesencolar" classname="aed.testsAuxiliares" time="0.004"/>
  <testcase name="testBloque_TransaccionesDeCreacion" classname="aed.testsAuxiliares" time="0.012"/>
  <testcase name="testUsuario_Handle" classname="aed.testsAuxiliares" time="0.003"/>
  <testcase name="testTransaccion_ComparacionPorMontoYId" classname="aed.testsAuxiliares" time="0.001"/>
  <testcase name="testBloque_HeapTransacciones" classname="aed.testsAuxiliares" time="0.003"/>
  <testcase name="testTransaccion_Equals" classname="aed.testsAuxiliares" time="0.002"/>
  <testcase name="testIntegracion_HEAPEnBloque" classname="aed.testsAuxiliares" time="0.003"/>
</testsuite>